0 info it worked if it ends with ok
1 verbose cli [ '/usr/local/Cellar/node/0.10.24/bin/node',
1 verbose cli   '/usr/local/bin/npm',
1 verbose cli   'install',
1 verbose cli   'bootstra.386' ]
2 info using npm@1.3.21
3 info using node@v0.10.24
4 verbose cache add [ 'bootstra.386', null ]
5 verbose cache add name=undefined spec="bootstra.386" args=["bootstra.386",null]
6 verbose parsed url { protocol: null,
6 verbose parsed url   slashes: null,
6 verbose parsed url   auth: null,
6 verbose parsed url   host: null,
6 verbose parsed url   port: null,
6 verbose parsed url   hostname: null,
6 verbose parsed url   hash: null,
6 verbose parsed url   search: null,
6 verbose parsed url   query: null,
6 verbose parsed url   pathname: 'bootstra.386',
6 verbose parsed url   path: 'bootstra.386',
6 verbose parsed url   href: 'bootstra.386' }
7 silly lockFile ab320a94-bootstra-386 bootstra.386
8 verbose lock bootstra.386 /Users/ericnolte/.npm/ab320a94-bootstra-386.lock
9 silly lockFile ab320a94-bootstra-386 bootstra.386
10 silly lockFile ab320a94-bootstra-386 bootstra.386
11 verbose addNamed [ 'bootstra.386', '' ]
12 verbose addNamed [ null, '*' ]
13 silly lockFile 76bdfd9a-bootstra-386 bootstra.386@
14 verbose lock bootstra.386@ /Users/ericnolte/.npm/76bdfd9a-bootstra-386.lock
15 silly addNameRange { name: 'bootstra.386', range: '*', hasData: false }
16 verbose url raw bootstra.386
17 verbose url resolving [ 'https://registry.npmjs.org/', './bootstra.386' ]
18 verbose url resolved https://registry.npmjs.org/bootstra.386
19 info trying registry request attempt 1 at 20:44:47
20 http GET https://registry.npmjs.org/bootstra.386
21 http 404 https://registry.npmjs.org/bootstra.386
22 silly registry.get cb [ 404,
22 silly registry.get   { date: 'Fri, 04 Jul 2014 00:44:48 GMT',
22 silly registry.get     server: 'CouchDB/1.5.0 (Erlang OTP/R16B03)',
22 silly registry.get     'content-type': 'application/json',
22 silly registry.get     'cache-control': 'max-age=0',
22 silly registry.get     'content-length': '52',
22 silly registry.get     'accept-ranges': 'bytes',
22 silly registry.get     via: '1.1 varnish',
22 silly registry.get     age: '0',
22 silly registry.get     'x-served-by': 'cache-iad2135-IAD',
22 silly registry.get     'x-cache': 'MISS',
22 silly registry.get     'x-cache-hits': '0',
22 silly registry.get     'x-timer': 'S1404434687.916349,VS0,VE107',
22 silly registry.get     'keep-alive': 'timeout=10, max=50',
22 silly registry.get     connection: 'Keep-Alive' } ]
23 silly lockFile 76bdfd9a-bootstra-386 bootstra.386@
24 silly lockFile 76bdfd9a-bootstra-386 bootstra.386@
25 error 404 'bootstra.386' is not in the npm registry.
25 error 404 You should bug the author to publish it
25 error 404
25 error 404 Note that you can also install from a
25 error 404 tarball, folder, or http url, or git url.
26 error System Darwin 13.2.0
27 error command "/usr/local/Cellar/node/0.10.24/bin/node" "/usr/local/bin/npm" "install" "bootstra.386"
28 error cwd /Users/ericnolte/ericnolte
29 error node -v v0.10.24
30 error npm -v 1.3.21
31 error code E404
32 verbose exit [ 1, true ]
